Error: CCI compilation error -c:\users\user\appdata\local\temp\brr_mzo.121\global_dir\139329834\pre_cci.c: ..\\library\\user_lib.h:199: error: operands of = have illegal types `pointer to long int' and `pointer to struct _iobuf'.	[MsgId: MERR-19799]
Error: CCI compilation error -c:\users\user\appdata\local\temp\brr_mzo.121\global_dir\139329834\pre_cci.c: ..\\library\\user_lib.h:200: error: operands of = have illegal types `pointer to long int' and `pointer to struct _iobuf'.	[MsgId: MERR-19799]
Error: CCI compilation error -c:\users\user\appdata\local\temp\brr_mzo.121\global_dir\139329834\pre_cci.c: ..\\library\\user_lib.h:207: error: type error in argument 3 to `fgets'; found `pointer to long int' expected `pointer to struct _iobuf'.	[MsgId: MERR-19799]
Error: CCI compilation error -c:\users\user\appdata\local\temp\brr_mzo.121\global_dir\139329834\pre_cci.c: ..\\library\\user_lib.h:213: error: type error in argument 1 to `fprintf'; found `pointer to long int' expected `pointer to struct _iobuf'.	[MsgId: MERR-19799]
Error: CCI compilation error -c:\users\user\appdata\local\temp\brr_mzo.121\global_dir\139329834\pre_cci.c: ..\\library\\user_lib.h:215: error: type error in argument 1 to `fprintf'; found `pointer to long int' expected `pointer to struct _iobuf'.	[MsgId: MERR-19799]
Error: CCI compilation error -c:\users\user\appdata\local\temp\brr_mzo.121\global_dir\139329834\pre_cci.c: ..\\library\\user_lib.h:220: error: type error in argument 1 to `fclose'; found `pointer to long int' expected `pointer to struct _iobuf'.	[MsgId: MERR-19799]
Error: CCI compilation error -c:\users\user\appdata\local\temp\brr_mzo.121\global_dir\139329834\pre_cci.c: ..\\library\\user_lib.h:221: error: type error in argument 1 to `fclose'; found `pointer to long int' expected `pointer to struct _iobuf'.	[MsgId: MERR-19799]
Error: CCI compilation error -c:\users\user\appdata\local\temp\brr_mzo.121\global_dir\139329834\pre_cci.c: ..\\library\\user_lib.h:231: error: operands of = have illegal types `pointer to long int' and `pointer to struct _iobuf'.	[MsgId: MERR-19799]
Error: CCI compilation error -c:\users\user\appdata\local\temp\brr_mzo.121\global_dir\139329834\pre_cci.c: ..\\library\\user_lib.h:232: error: operands of = have illegal types `pointer to long int' and `pointer to struct _iobuf'.	[MsgId: MERR-19799]
Error: CCI compilation error -c:\users\user\appdata\local\temp\brr_mzo.121\global_dir\139329834\pre_cci.c: ..\\library\\user_lib.h:240: error: type error in argument 3 to `fgets'; found `pointer to long int' expected `pointer to struct _iobuf'.	[MsgId: MERR-19799]
Error: CCI compilation error -c:\users\user\appdata\local\temp\brr_mzo.121\global_dir\139329834\pre_cci.c: ..\\library\\user_lib.h:246: error: type error in argument 1 to `fprintf'; found `pointer to long int' expected `pointer to struct _iobuf'.	[MsgId: MERR-19799]
Error: CCI compilation error -c:\users\user\appdata\local\temp\brr_mzo.121\global_dir\139329834\pre_cci.c: ..\\library\\user_lib.h:248: error: type error in argument 1 to `fprintf'; found `pointer to long int' expected `pointer to struct _iobuf'.	[MsgId: MERR-19799]
Error: CCI compilation error -c:\users\user\appdata\local\temp\brr_mzo.121\global_dir\139329834\pre_cci.c: ..\\library\\user_lib.h:253: error: type error in argument 1 to `fclose'; found `pointer to long int' expected `pointer to struct _iobuf'.	[MsgId: MERR-19799]
Error: CCI compilation error -c:\users\user\appdata\local\temp\brr_mzo.121\global_dir\139329834\pre_cci.c: ..\\library\\user_lib.h:254: error: type error in argument 1 to `fclose'; found `pointer to long int' expected `pointer to struct _iobuf'.	[MsgId: MERR-19799]
Error: CCI compilation error -c:\users\user\appdata\local\temp\brr_mzo.121\global_dir\139329834\pre_cci.c: Action.c:222: warning: unrecognized character escape sequence `\<'.	[MsgId: MERR-19799]
Error: CCI compilation error -c:\users\user\appdata\local\temp\brr_mzo.121\global_dir\139329834\pre_cci.c: Action.c:222: warning: unrecognized character escape sequence `\>'.	[MsgId: MERR-19799]
Error: CCI compilation error -c:\users\user\appdata\local\temp\brr_mzo.121\global_dir\139329834\pre_cci.c: Action.c:222: warning: unrecognized character escape sequence `\<'.	[MsgId: MERR-19799]
Error: CCI compilation error -c:\users\user\appdata\local\temp\brr_mzo.121\global_dir\139329834\pre_cci.c: Action.c:222: warning: unrecognized character escape sequence `\/'.	[MsgId: MERR-19799]
Error: CCI compilation error -c:\users\user\appdata\local\temp\brr_mzo.121\global_dir\139329834\pre_cci.c: Action.c:222: warning: unrecognized character escape sequence `\>'.	[MsgId: MERR-19799]
Error: CCI compilation error -c:\users\user\appdata\local\temp\brr_mzo.121\global_dir\139329834\pre_cci.c: Action.c:238: warning: unrecognized character escape sequence `\<'.	[MsgId: MERR-19799]
Error: CCI compilation error -c:\users\user\appdata\local\temp\brr_mzo.121\global_dir\139329834\pre_cci.c: Action.c:238: warning: unrecognized character escape sequence `\>'.	[MsgId: MERR-19799]
Error: CCI compilation error -c:\users\user\appdata\local\temp\brr_mzo.121\global_dir\139329834\pre_cci.c: Action.c:238: warning: unrecognized character escape sequence `\<'.	[MsgId: MERR-19799]
Error: CCI compilation error -c:\users\user\appdata\local\temp\brr_mzo.121\global_dir\139329834\pre_cci.c: Action.c:238: warning: unrecognized character escape sequence `\/'.	[MsgId: MERR-19799]
Error: CCI compilation error -c:\users\user\appdata\local\temp\brr_mzo.121\global_dir\139329834\pre_cci.c: Action.c:238: warning: unrecognized character escape sequence `\>'.	[MsgId: MERR-19799]
Error: CCI compilation error -c:\users\user\appdata\local\temp\brr_mzo.121\global_dir\139329834\pre_cci.c: Action.c:340: warning: unrecognized character escape sequence `\<'.	[MsgId: MERR-19799]
Error: CCI compilation error -c:\users\user\appdata\local\temp\brr_mzo.121\global_dir\139329834\pre_cci.c: Action.c:340: warning: unrecognized character escape sequence `\/'.	[MsgId: MERR-19799]
Error: CCI compilation error -c:\users\user\appdata\local\temp\brr_mzo.121\global_dir\139329834\pre_cci.c: Action.c:340: warning: unrecognized character escape sequence `\>'.	[MsgId: MERR-19799]
Error: CCI compilation error -c:\users\user\appdata\local\temp\brr_mzo.121\global_dir\139329834\pre_cci.c: Action.c:373: warning: unrecognized character escape sequence `\<'.	[MsgId: MERR-19799]
Error: CCI compilation error -c:\users\user\appdata\local\temp\brr_mzo.121\global_dir\139329834\pre_cci.c: Action.c:373: warning: unrecognized character escape sequence `\>'.	[MsgId: MERR-19799]
Error: CCI compilation error -c:\users\user\appdata\local\temp\brr_mzo.121\global_dir\139329834\pre_cci.c: Action.c:373: warning: unrecognized character escape sequence `\<'.	[MsgId: MERR-19799]
Error: CCI compilation error -c:\users\user\appdata\local\temp\brr_mzo.121\global_dir\139329834\pre_cci.c: Action.c:373: warning: unrecognized character escape sequence `\/'.	[MsgId: MERR-19799]
Error: CCI compilation error -c:\users\user\appdata\local\temp\brr_mzo.121\global_dir\139329834\pre_cci.c: Action.c:373: warning: unrecognized character escape sequence `\>'.	[MsgId: MERR-19799]
Error: CCI compilation error -c:\users\user\appdata\local\temp\brr_mzo.121\global_dir\139329834\pre_cci.c: Action.c:429: warning: unrecognized character escape sequence `\<'.	[MsgId: MERR-19799]
Error: CCI compilation error -c:\users\user\appdata\local\temp\brr_mzo.121\global_dir\139329834\pre_cci.c: Action.c:429: warning: unrecognized character escape sequence `\>'.	[MsgId: MERR-19799]
Error: CCI compilation error -c:\users\user\appdata\local\temp\brr_mzo.121\global_dir\139329834\pre_cci.c: Action.c:429: warning: unrecognized character escape sequence `\<'.	[MsgId: MERR-19799]
Error: CCI compilation error -c:\users\user\appdata\local\temp\brr_mzo.121\global_dir\139329834\pre_cci.c: Action.c:429: warning: unrecognized character escape sequence `\/'.	[MsgId: MERR-19799]
Error: CCI compilation error -c:\users\user\appdata\local\temp\brr_mzo.121\global_dir\139329834\pre_cci.c: Action.c:429: warning: unrecognized character escape sequence `\>'.	[MsgId: MERR-19799]
Error: CCI compilation error -c:\users\user\appdata\local\temp\brr_mzo.121\global_dir\139329834\pre_cci.c: c:\\users\\user\\appdata\\local\\temp\\brr_mzo.121\\global_dir\\139329834\\combined_UC5_PaymentForProducts.c:6: error: 14 errors, not writing pre_cci.ci.	[MsgId: MERR-19799]
Error: Vuser compilation failed. Please set CCIDebug to Off in CCI section of mdrv.dat file.	[MsgId: MERR-19797]
Warning: Extension cciext.dll reports error -19797 on call to function ExtPerProcessInitialize	[MsgId: MWAR-10485]
Error: Thread Context: Call to service of the driver failed, reason - thread context wasn't initialized on this thread.	[MsgId: MERR-10176]
