Error: CCI compilation error -c:\users\user\appdata\local\temp\brr_966.5\global_dir\139329834\pre_cci.c: ..\\library\\user_lib.h:379: error: Too many local variables.	[MsgId: MERR-19799]
Error: CCI compilation error -c:\users\user\appdata\local\temp\brr_966.5\global_dir\139329834\pre_cci.c: ..\\library\\user_lib.h:379: error: Too many local variables.	[MsgId: MERR-19799]
Error: CCI compilation error -c:\users\user\appdata\local\temp\brr_966.5\global_dir\139329834\pre_cci.c: ..\\library\\user_lib.h:379: error: Too many local variables.	[MsgId: MERR-19799]
Error: CCI compilation error -c:\users\user\appdata\local\temp\brr_966.5\global_dir\139329834\pre_cci.c: Action.c:229: warning: unrecognized character escape sequence `\<'.	[MsgId: MERR-19799]
Error: CCI compilation error -c:\users\user\appdata\local\temp\brr_966.5\global_dir\139329834\pre_cci.c: Action.c:229: warning: unrecognized character escape sequence `\>'.	[MsgId: MERR-19799]
Error: CCI compilation error -c:\users\user\appdata\local\temp\brr_966.5\global_dir\139329834\pre_cci.c: Action.c:229: warning: unrecognized character escape sequence `\<'.	[MsgId: MERR-19799]
Error: CCI compilation error -c:\users\user\appdata\local\temp\brr_966.5\global_dir\139329834\pre_cci.c: Action.c:229: warning: unrecognized character escape sequence `\/'.	[MsgId: MERR-19799]
Error: CCI compilation error -c:\users\user\appdata\local\temp\brr_966.5\global_dir\139329834\pre_cci.c: Action.c:229: warning: unrecognized character escape sequence `\>'.	[MsgId: MERR-19799]
Error: CCI compilation error -c:\users\user\appdata\local\temp\brr_966.5\global_dir\139329834\pre_cci.c: Action.c:245: warning: unrecognized character escape sequence `\<'.	[MsgId: MERR-19799]
Error: CCI compilation error -c:\users\user\appdata\local\temp\brr_966.5\global_dir\139329834\pre_cci.c: Action.c:245: warning: unrecognized character escape sequence `\>'.	[MsgId: MERR-19799]
Error: CCI compilation error -c:\users\user\appdata\local\temp\brr_966.5\global_dir\139329834\pre_cci.c: Action.c:245: warning: unrecognized character escape sequence `\<'.	[MsgId: MERR-19799]
Error: CCI compilation error -c:\users\user\appdata\local\temp\brr_966.5\global_dir\139329834\pre_cci.c: Action.c:245: warning: unrecognized character escape sequence `\/'.	[MsgId: MERR-19799]
Error: CCI compilation error -c:\users\user\appdata\local\temp\brr_966.5\global_dir\139329834\pre_cci.c: Action.c:245: warning: unrecognized character escape sequence `\>'.	[MsgId: MERR-19799]
Error: CCI compilation error -c:\users\user\appdata\local\temp\brr_966.5\global_dir\139329834\pre_cci.c: Action.c:347: warning: unrecognized character escape sequence `\<'.	[MsgId: MERR-19799]
Error: CCI compilation error -c:\users\user\appdata\local\temp\brr_966.5\global_dir\139329834\pre_cci.c: Action.c:347: warning: unrecognized character escape sequence `\/'.	[MsgId: MERR-19799]
Error: CCI compilation error -c:\users\user\appdata\local\temp\brr_966.5\global_dir\139329834\pre_cci.c: Action.c:347: warning: unrecognized character escape sequence `\>'.	[MsgId: MERR-19799]
Error: CCI compilation error -c:\users\user\appdata\local\temp\brr_966.5\global_dir\139329834\pre_cci.c: Action.c:380: warning: unrecognized character escape sequence `\<'.	[MsgId: MERR-19799]
Error: CCI compilation error -c:\users\user\appdata\local\temp\brr_966.5\global_dir\139329834\pre_cci.c: Action.c:380: warning: unrecognized character escape sequence `\>'.	[MsgId: MERR-19799]
Error: CCI compilation error -c:\users\user\appdata\local\temp\brr_966.5\global_dir\139329834\pre_cci.c: Action.c:380: warning: unrecognized character escape sequence `\<'.	[MsgId: MERR-19799]
Error: CCI compilation error -c:\users\user\appdata\local\temp\brr_966.5\global_dir\139329834\pre_cci.c: Action.c:380: warning: unrecognized character escape sequence `\/'.	[MsgId: MERR-19799]
Error: CCI compilation error -c:\users\user\appdata\local\temp\brr_966.5\global_dir\139329834\pre_cci.c: Action.c:380: warning: unrecognized character escape sequence `\>'.	[MsgId: MERR-19799]
Error: CCI compilation error -c:\users\user\appdata\local\temp\brr_966.5\global_dir\139329834\pre_cci.c: Action.c:436: warning: unrecognized character escape sequence `\<'.	[MsgId: MERR-19799]
Error: CCI compilation error -c:\users\user\appdata\local\temp\brr_966.5\global_dir\139329834\pre_cci.c: Action.c:436: warning: unrecognized character escape sequence `\>'.	[MsgId: MERR-19799]
Error: CCI compilation error -c:\users\user\appdata\local\temp\brr_966.5\global_dir\139329834\pre_cci.c: Action.c:436: warning: unrecognized character escape sequence `\<'.	[MsgId: MERR-19799]
Error: CCI compilation error -c:\users\user\appdata\local\temp\brr_966.5\global_dir\139329834\pre_cci.c: Action.c:436: warning: unrecognized character escape sequence `\/'.	[MsgId: MERR-19799]
Error: CCI compilation error -c:\users\user\appdata\local\temp\brr_966.5\global_dir\139329834\pre_cci.c: Action.c:436: warning: unrecognized character escape sequence `\>'.	[MsgId: MERR-19799]
Error: CCI compilation error -c:\users\user\appdata\local\temp\brr_966.5\global_dir\139329834\pre_cci.c: c:\\users\\user\\appdata\\local\\temp\\brr_966.5\\global_dir\\139329834\\combined_UC5_PaymentForProducts.c:6: error: 3 errors, not writing pre_cci.ci.	[MsgId: MERR-19799]
Error: Vuser compilation failed. Please set CCIDebug to Off in CCI section of mdrv.dat file.	[MsgId: MERR-19797]
Warning: Extension cciext.dll reports error -19797 on call to function ExtPerProcessInitialize	[MsgId: MWAR-10485]
Error: Thread Context: Call to service of the driver failed, reason - thread context wasn't initialized on this thread.	[MsgId: MERR-10176]
