Error: CCI compilation error -c:\users\user\appdata\local\temp\brr_7hs.23\global_dir\167911786\pre_cci.c: ..\\library\\user_lib.h:199: error: undeclared identifier `FILE'.	[MsgId: MERR-19799]
Error: CCI compilation error -c:\users\user\appdata\local\temp\brr_7hs.23\global_dir\167911786\pre_cci.c: ..\\library\\user_lib.h:199: error: undeclared identifier `fp'.	[MsgId: MERR-19799]
Error: CCI compilation error -c:\users\user\appdata\local\temp\brr_7hs.23\global_dir\167911786\pre_cci.c: ..\\library\\user_lib.h:199: error: lvalue required.	[MsgId: MERR-19799]
Error: CCI compilation error -c:\users\user\appdata\local\temp\brr_7hs.23\global_dir\167911786\pre_cci.c: ..\\library\\user_lib.h:200: error: undeclared identifier `fp1'.	[MsgId: MERR-19799]
Error: CCI compilation error -c:\users\user\appdata\local\temp\brr_7hs.23\global_dir\167911786\pre_cci.c: ..\\library\\user_lib.h:200: error: lvalue required.	[MsgId: MERR-19799]
Error: CCI compilation error -c:\users\user\appdata\local\temp\brr_7hs.23\global_dir\167911786\pre_cci.c: ..\\library\\user_lib.h:201: error: illegal statement termination.	[MsgId: MERR-19799]
Error: CCI compilation error -c:\users\user\appdata\local\temp\brr_7hs.23\global_dir\167911786\pre_cci.c: ..\\library\\user_lib.h:201: error: skipping `char'.	[MsgId: MERR-19799]
Error: CCI compilation error -c:\users\user\appdata\local\temp\brr_7hs.23\global_dir\167911786\pre_cci.c: ..\\library\\user_lib.h:201: error: undeclared identifier `row'.	[MsgId: MERR-19799]
Error: CCI compilation error -c:\users\user\appdata\local\temp\brr_7hs.23\global_dir\167911786\pre_cci.c: ..\\library\\user_lib.h:201: error: type error: pointer expected.	[MsgId: MERR-19799]
Error: CCI compilation error -c:\users\user\appdata\local\temp\brr_7hs.23\global_dir\167911786\pre_cci.c: ..\\library\\user_lib.h:201: warning: expression with no effect elided.	[MsgId: MERR-19799]
Error: CCI compilation error -c:\users\user\appdata\local\temp\brr_7hs.23\global_dir\167911786\pre_cci.c: ..\\library\\user_lib.h:202: error: illegal statement termination.	[MsgId: MERR-19799]
Error: CCI compilation error -c:\users\user\appdata\local\temp\brr_7hs.23\global_dir\167911786\pre_cci.c: ..\\library\\user_lib.h:202: error: skipping `char'.	[MsgId: MERR-19799]
Error: CCI compilation error -c:\users\user\appdata\local\temp\brr_7hs.23\global_dir\167911786\pre_cci.c: ..\\library\\user_lib.h:202: error: undeclared identifier `login'.	[MsgId: MERR-19799]
Error: CCI compilation error -c:\users\user\appdata\local\temp\brr_7hs.23\global_dir\167911786\pre_cci.c: ..\\library\\user_lib.h:202: error: type error: pointer expected.	[MsgId: MERR-19799]
Error: CCI compilation error -c:\users\user\appdata\local\temp\brr_7hs.23\global_dir\167911786\pre_cci.c: ..\\library\\user_lib.h:202: warning: expression with no effect elided.	[MsgId: MERR-19799]
Error: CCI compilation error -c:\users\user\appdata\local\temp\brr_7hs.23\global_dir\167911786\pre_cci.c: ..\\library\\user_lib.h:203: error: illegal statement termination.	[MsgId: MERR-19799]
Error: CCI compilation error -c:\users\user\appdata\local\temp\brr_7hs.23\global_dir\167911786\pre_cci.c: ..\\library\\user_lib.h:203: error: skipping `char'.	[MsgId: MERR-19799]
Error: CCI compilation error -c:\users\user\appdata\local\temp\brr_7hs.23\global_dir\167911786\pre_cci.c: ..\\library\\user_lib.h:203: error: undeclared identifier `result'.	[MsgId: MERR-19799]
Error: CCI compilation error -c:\users\user\appdata\local\temp\brr_7hs.23\global_dir\167911786\pre_cci.c: ..\\library\\user_lib.h:203: error: type error: pointer expected.	[MsgId: MERR-19799]
Error: CCI compilation error -c:\users\user\appdata\local\temp\brr_7hs.23\global_dir\167911786\pre_cci.c: ..\\library\\user_lib.h:203: warning: expression with no effect elided.	[MsgId: MERR-19799]
Error: CCI compilation error -c:\users\user\appdata\local\temp\brr_7hs.23\global_dir\167911786\pre_cci.c: ..\\library\\user_lib.h:231: error: undeclared identifier `FILE'.	[MsgId: MERR-19799]
Error: CCI compilation error -c:\users\user\appdata\local\temp\brr_7hs.23\global_dir\167911786\pre_cci.c: ..\\library\\user_lib.h:231: error: undeclared identifier `fp'.	[MsgId: MERR-19799]
Error: CCI compilation error -c:\users\user\appdata\local\temp\brr_7hs.23\global_dir\167911786\pre_cci.c: ..\\library\\user_lib.h:231: error: lvalue required.	[MsgId: MERR-19799]
Error: CCI compilation error -c:\users\user\appdata\local\temp\brr_7hs.23\global_dir\167911786\pre_cci.c: ..\\library\\user_lib.h:232: error: too many errors.	[MsgId: MERR-19799]
Error: Vuser compilation failed. Please set CCIDebug to Off in CCI section of mdrv.dat file.	[MsgId: MERR-19797]
Warning: Extension cciext.dll reports error -19797 on call to function ExtPerProcessInitialize	[MsgId: MWAR-10485]
Error: Thread Context: Call to service of the driver failed, reason - thread context wasn't initialized on this thread.	[MsgId: MERR-10176]
