Error: CCI compilation error -c:\users\user\appdata\local\temp\brr_a6j.4\global_dir\164193597\pre_cci.c: ..\\library\\user_lib.h:377: error: Too many local variables.	[MsgId: MERR-19799]
Error: CCI compilation error -c:\users\user\appdata\local\temp\brr_a6j.4\global_dir\164193597\pre_cci.c: ..\\library\\user_lib.h:377: error: Too many local variables.	[MsgId: MERR-19799]
Error: CCI compilation error -c:\users\user\appdata\local\temp\brr_a6j.4\global_dir\164193597\pre_cci.c: ..\\library\\user_lib.h:377: error: Too many local variables.	[MsgId: MERR-19799]
Error: CCI compilation error -c:\users\user\appdata\local\temp\brr_a6j.4\global_dir\164193597\pre_cci.c: Action.c:8: error: undeclared identifier `inUse'.	[MsgId: MERR-19799]
Error: CCI compilation error -c:\users\user\appdata\local\temp\brr_a6j.4\global_dir\164193597\pre_cci.c: Action.c:244: warning: unrecognized character escape sequence `\('.	[MsgId: MERR-19799]
Error: CCI compilation error -c:\users\user\appdata\local\temp\brr_a6j.4\global_dir\164193597\pre_cci.c: Action.c:244: warning: unrecognized character escape sequence `\!'.	[MsgId: MERR-19799]
Error: CCI compilation error -c:\users\user\appdata\local\temp\brr_a6j.4\global_dir\164193597\pre_cci.c: Action.c:244: warning: unrecognized character escape sequence `\='.	[MsgId: MERR-19799]
Error: CCI compilation error -c:\users\user\appdata\local\temp\brr_a6j.4\global_dir\164193597\pre_cci.c: c:\\users\\user\\appdata\\local\\temp\\brr_a6j.4\\global_dir\\164193597\\combined_UC4_DeleteProductFromShopCart.c:6: error: 4 errors, not writing pre_cci.ci.	[MsgId: MERR-19799]
Error: Vuser compilation failed. Please set CCIDebug to Off in CCI section of mdrv.dat file.	[MsgId: MERR-19797]
Warning: Extension cciext.dll reports error -19797 on call to function ExtPerProcessInitialize	[MsgId: MWAR-10485]
Error: Thread Context: Call to service of the driver failed, reason - thread context wasn't initialized on this thread.	[MsgId: MERR-10176]
